<?xml version="1.0" encoding="UTF-8"?>
<!-- Generated by org.testng.reporters.JUnitReportReporter -->
<testsuite hostname="Ankit-LEGION" failures="0" tests="2" name="com.xyz.qa.testcases.ManagerOpenAccountPageTest" time="8.769" errors="0" timestamp="07 Mar 2024 18:04:59 GMT" skipped="0">
  <testcase classname="com.xyz.qa.testcases.ManagerOpenAccountPageTest" name="verifyOpenAccountAlertMessage" time="4.546"/>
  <testcase classname="com.xyz.qa.testcases.ManagerOpenAccountPageTest" name="verifyOpenAccountAlertMessage1" time="4.223"/>
</testsuite> <!-- com.xyz.qa.testcases.ManagerOpenAccountPageTest -->
