<?xml version="1.0" encoding="UTF-8"?>
<!-- Generated by org.testng.reporters.JUnitReportReporter -->
<testsuite hostname="Ankit-LEGION" failures="0" tests="1" name="com.xyz.qa.testcases.WithdrawPageTest" time="5.349" errors="0" timestamp="07 Mar 2024 18:04:59 GMT" skipped="0">
  <testcase classname="com.xyz.qa.testcases.WithdrawPageTest" name="withdrawAmount" time="5.349"/>
</testsuite> <!-- com.xyz.qa.testcases.WithdrawPageTest -->
