<?xml version="1.0" encoding="UTF-8"?>
<!-- Generated by org.testng.reporters.JUnitReportReporter -->
<testsuite hostname="Ankit-LEGION" failures="0" tests="1" name="com.xyz.qa.testcases.DepositPageTest" time="5.006" errors="0" timestamp="07 Mar 2024 18:04:59 GMT" skipped="0">
  <testcase classname="com.xyz.qa.testcases.DepositPageTest" name="depositAmountAndVerifyTransaction" time="5.006"/>
</testsuite> <!-- com.xyz.qa.testcases.DepositPageTest -->
