<?xml version="1.0" encoding="UTF-8"?>
<!-- Generated by org.testng.reporters.JUnitReportReporter -->
<testsuite hostname="Ankit-LEGION" failures="0" tests="3" name="com.xyz.qa.testcases.LoginPageTest" time="10.064" errors="0" timestamp="07 Mar 2024 18:04:59 GMT" skipped="0">
  <testcase classname="com.xyz.qa.testcases.LoginPageTest" name="loginPageTitleTest" time="2.520"/>
  <testcase classname="com.xyz.qa.testcases.LoginPageTest" name="customerLoginTest" time="3.215"/>
  <testcase classname="com.xyz.qa.testcases.LoginPageTest" name="loginTest" time="4.329"/>
</testsuite> <!-- com.xyz.qa.testcases.LoginPageTest -->
